=================================================================
==31975==ERROR: AddressSanitizer: heap-use-after-free on address 0x62500000e3a8 at pc 0x5592fc1cef1c bp 0x7ffce55694c0 sp 0x7ffce55694b0
READ of size 8 at 0x62500000e3a8 thread T0
    #0 0x5592fc1cef1b in bt_quickfix /home/luna/tmp/debug/vim/src/buffer.c:5431
    #1 0x5592fc540d2a in is_qf_win /home/luna/tmp/debug/vim/src/quickfix.c:4290
    #2 0x5592fc54106e in qf_find_buf /home/luna/tmp/debug/vim/src/quickfix.c:4334
    #3 0x5592fc541263 in qf_update_buffer /home/luna/tmp/debug/vim/src/quickfix.c:4369
    #4 0x5592fc548830 in ex_vimgrep /home/luna/tmp/debug/vim/src/quickfix.c:6089
    #5 0x5592fc3068ed in do_one_cmd /home/luna/tmp/debug/vim/src/ex_docmd.c:2497
    #6 0x5592fc2fd870 in do_cmdline /home/luna/tmp/debug/vim/src/ex_docmd.c:978
    #7 0x5592fc5ce652 in do_source /home/luna/tmp/debug/vim/src/scriptfile.c:1365
    #8 0x5592fc5cc9d1 in cmd_source /home/luna/tmp/debug/vim/src/scriptfile.c:933
    #9 0x5592fc5cca3e in ex_source /home/luna/tmp/debug/vim/src/scriptfile.c:959
    #10 0x5592fc3068ed in do_one_cmd /home/luna/tmp/debug/vim/src/ex_docmd.c:2497
    #11 0x5592fc2fd870 in do_cmdline /home/luna/tmp/debug/vim/src/ex_docmd.c:978
    #12 0x5592fc2fbd84 in do_cmdline_cmd /home/luna/tmp/debug/vim/src/ex_docmd.c:589
    #13 0x5592fc800102 in exe_commands /home/luna/tmp/debug/vim/src/main.c:3139
    #14 0x5592fc7f9204 in vim_main2 /home/luna/tmp/debug/vim/src/main.c:795
    #15 0x5592fc7f8ac3 in main /home/luna/tmp/debug/vim/src/main.c:444
    #16 0x7ff53eee4b96 in __libc_start_main (/lib/x86_64-linux-gnu/libc.so.6+0x21b96)
    #17 0x5592fc19b669 in _start (/home/luna/tmp/debug/vim_crash/asan+0x105669)

0x62500000e3a8 is located 6824 bytes inside of 9080-byte region [0x62500000c900,0x62500000ec78)
freed by thread T0 here:
    #0 0x7ff53fb5e7a8 in __interceptor_free (/usr/lib/x86_64-linux-gnu/libasan.so.4+0xde7a8)
    #1 0x5592fc445fda in vim_free /home/luna/tmp/debug/vim/src/misc2.c:1803
    #2 0x5592fc1b57dc in free_buffer /home/luna/tmp/debug/vim/src/buffer.c:941
    #3 0x5592fc1b494f in close_buffer /home/luna/tmp/debug/vim/src/buffer.c:729
    #4 0x5592fc1cffd5 in wipe_buffer /home/luna/tmp/debug/vim/src/buffer.c:5674
    #5 0x5592fc54970b in wipe_dummy_buffer /home/luna/tmp/debug/vim/src/quickfix.c:6282
    #6 0x5592fc547d61 in vgr_process_files /home/luna/tmp/debug/vim/src/quickfix.c:5977
    #7 0x5592fc5485f8 in ex_vimgrep /home/luna/tmp/debug/vim/src/quickfix.c:6072
    #8 0x5592fc3068ed in do_one_cmd /home/luna/tmp/debug/vim/src/ex_docmd.c:2497
    #9 0x5592fc2fd870 in do_cmdline /home/luna/tmp/debug/vim/src/ex_docmd.c:978
    #10 0x5592fc5ce652 in do_source /home/luna/tmp/debug/vim/src/scriptfile.c:1365
    #11 0x5592fc5cc9d1 in cmd_source /home/luna/tmp/debug/vim/src/scriptfile.c:933
    #12 0x5592fc5cca3e in ex_source /home/luna/tmp/debug/vim/src/scriptfile.c:959
    #13 0x5592fc3068ed in do_one_cmd /home/luna/tmp/debug/vim/src/ex_docmd.c:2497
    #14 0x5592fc2fd870 in do_cmdline /home/luna/tmp/debug/vim/src/ex_docmd.c:978
    #15 0x5592fc2fbd84 in do_cmdline_cmd /home/luna/tmp/debug/vim/src/ex_docmd.c:589
    #16 0x5592fc800102 in exe_commands /home/luna/tmp/debug/vim/src/main.c:3139
    #17 0x5592fc7f9204 in vim_main2 /home/luna/tmp/debug/vim/src/main.c:795
    #18 0x5592fc7f8ac3 in main /home/luna/tmp/debug/vim/src/main.c:444
    #19 0x7ff53eee4b96 in __libc_start_main (/lib/x86_64-linux-gnu/libc.so.6+0x21b96)

previously allocated by thread T0 here:
    #0 0x7ff53fb5eb40 in __interceptor_malloc (/usr/lib/x86_64-linux-gnu/libasan.so.4+0xdeb40)
    #1 0x5592fc443c5b in lalloc /home/luna/tmp/debug/vim/src/misc2.c:925
    #2 0x5592fc443af5 in alloc_clear /home/luna/tmp/debug/vim/src/misc2.c:852
    #3 0x5592fc1baa85 in buflist_new /home/luna/tmp/debug/vim/src/buffer.c:2028
    #4 0x5592fc54909c in load_dummy_buffer /home/luna/tmp/debug/vim/src/quickfix.c:6189
    #5 0x5592fc546abb in vgr_load_dummy_buf /home/luna/tmp/debug/vim/src/quickfix.c:5662
    #6 0x5592fc54798c in vgr_process_files /home/luna/tmp/debug/vim/src/quickfix.c:5927
    #7 0x5592fc5485f8 in ex_vimgrep /home/luna/tmp/debug/vim/src/quickfix.c:6072
    #8 0x5592fc3068ed in do_one_cmd /home/luna/tmp/debug/vim/src/ex_docmd.c:2497
    #9 0x5592fc2fd870 in do_cmdline /home/luna/tmp/debug/vim/src/ex_docmd.c:978
    #10 0x5592fc5ce652 in do_source /home/luna/tmp/debug/vim/src/scriptfile.c:1365
    #11 0x5592fc5cc9d1 in cmd_source /home/luna/tmp/debug/vim/src/scriptfile.c:933
    #12 0x5592fc5cca3e in ex_source /home/luna/tmp/debug/vim/src/scriptfile.c:959
    #13 0x5592fc3068ed in do_one_cmd /home/luna/tmp/debug/vim/src/ex_docmd.c:2497
    #14 0x5592fc2fd870 in do_cmdline /home/luna/tmp/debug/vim/src/ex_docmd.c:978
    #15 0x5592fc2fbd84 in do_cmdline_cmd /home/luna/tmp/debug/vim/src/ex_docmd.c:589
    #16 0x5592fc800102 in exe_commands /home/luna/tmp/debug/vim/src/main.c:3139
    #17 0x5592fc7f9204 in vim_main2 /home/luna/tmp/debug/vim/src/main.c:795
    #18 0x5592fc7f8ac3 in main /home/luna/tmp/debug/vim/src/main.c:444
    #19 0x7ff53eee4b96 in __libc_start_main (/lib/x86_64-linux-gnu/libc.so.6+0x21b96)

SUMMARY: AddressSanitizer: heap-use-after-free /home/luna/tmp/debug/vim/src/buffer.c:5431 in bt_quickfix
Shadow bytes around the buggy address:
  0x0c4a7fff9c20: fd fd fd fd fd fd fd fd fd fd fd fd fd fd fd fd
  0x0c4a7fff9c30: fd fd fd fd fd fd fd fd fd fd fd fd fd fd fd fd
  0x0c4a7fff9c40: fd fd fd fd fd fd fd fd fd fd fd fd fd fd fd fd
  0x0c4a7fff9c50: fd fd fd fd fd fd fd fd fd fd fd fd fd fd fd fd
  0x0c4a7fff9c60: fd fd fd fd fd fd fd fd fd fd fd fd fd fd fd fd
=>0x0c4a7fff9c70: fd fd fd fd fd[fd]fd fd fd fd fd fd fd fd fd fd
  0x0c4a7fff9c80: fd fd fd fd fd fd fd fd fd fd fd fd fd fd fd fd
  0x0c4a7fff9c90: fd fd fd fd fd fd fd fd fd fd fd fd fd fd fd fd
  0x0c4a7fff9ca0: fd fd fd fd fd fd fd fd fd fd fd fd fd fd fd fd
  0x0c4a7fff9cb0: fd fd fd fd fd fd fd fd fd fd fd fd fd fd fd fd
  0x0c4a7fff9cc0: fd fd fd fd fd fd fd fd fd fd fd fd fd fd fd fd
Shadow byte legend (one shadow byte represents 8 application bytes):
  Addressable:           00
  Partially addressable: 01 02 03 04 05 06 07 
  Heap left redzone:       fa
  Freed heap region:       fd
  Stack left redzone:      f1
  Stack mid redzone:       f2
  Stack right redzone:     f3
  Stack after return:      f5
  Stack use after scope:   f8
  Global redzone:          f9
  Global init order:       f6
  Poisoned by user:        f7
  Container overflow:      fc
  Array cookie:            ac
  Intra object redzone:    bb
  ASan internal:           fe
  Left alloca redzone:     ca
  Right alloca redzone:    cb
==31975==ABORTING

